<?xml version="1.0" encoding="UTF-8"?>
<testng-results ignored="0" total="1" passed="1" failed="0" skipped="0">
  <reporter-output>
  </reporter-output>
  <suite started-at="2023-02-06T17:32:53 IST" name="Suite" finished-at="2023-02-06T17:32:53 IST" duration-ms="48">
    <groups>
    </groups>
    <test started-at="2023-02-06T17:32:53 IST" name="Test" finished-at="2023-02-06T17:32:53 IST" duration-ms="48">
      <class name="edu.practicecommond.practice1">
        <test-method signature="test1()[pri:0, instance:edu.practicecommond.practice1@6283d8b8]" started-at="2023-02-06T17:32:53 IST" name="test1" finished-at="2023-02-06T17:32:53 IST" duration-ms="9" status="PASS">
          <reporter-output>
          </reporter-output>
        </test-method> <!-- test1 -->
      </class> <!-- edu.practicecommond.practice1 -->
    </test> <!-- Test -->
  </suite> <!-- Suite -->
</testng-results>
